<?xml version="1.0" encoding="UTF-8"?>
<!-- Generated by org.testng.reporters.JUnitReportReporter -->
<testsuite hostname="IN-5CD024GKPM" failures="0" tests="2" name="Random.TestNgClassNew" time="21.723" errors="0" timestamp="07 Dec 2020 08:06:25 GMT" skipped="1">
  <testcase classname="Random.TestNgClassNew" name="myntra" time="21.723"/>
  <testcase classname="Random.TestNgClassNew" name="f">
    <skipped/>
  </testcase> <!-- f -->
</testsuite> <!-- Random.TestNgClassNew -->
