<?xml version="1.0" encoding="UTF-8"?>
<!-- Generated by org.testng.reporters.JUnitReportReporter -->
<testsuite hostname="IN-5CD024GKPM" failures="0" tests="2" name="Random.TestNgClassNew" time="19.532" errors="0" timestamp="25 Nov 2020 08:13:06 GMT" skipped="1">
  <testcase classname="Random.TestNgClassNew" name="TheJewelleryroom" time="19.532"/>
  <testcase classname="Random.TestNgClassNew" name="f">
    <skipped/>
  </testcase> <!-- f -->
</testsuite> <!-- Random.TestNgClassNew -->
