<?xml version="1.0" encoding="UTF-8"?>
<!-- Generated by org.testng.reporters.JUnitReportReporter -->
<testsuite ignored="0" hostname="IN-5CD024GKPM" failures="0" tests="1" name="Random.TestNgClass" time="0.014" errors="0" timestamp="11 Nov 2020 16:12:19 GMT" skipped="0">
  <testcase classname="Random.TestNgClass" name="f" time="0.014"/>
</testsuite> <!-- Random.TestNgClass -->
